2023-Dec-01 16:05:31 PM [main] INFO  com.qa.automation.core.WebDriverfactory.WebDriverFactory - Setting up for browser path is completed
2023-Dec-01 16:05:31 PM [main] INFO  com.qa.automation.core.WebDriverfactory.WebDriverFactory - Setting up chrome binary completed
2023-Dec-01 16:05:37 PM [main] INFO  com.qa.automation.core.WebDriverfactory.WebDriverFactory - Chrome Browser invoked
2023-Dec-01 16:05:38 PM [main] INFO  com.qa.automation.core.WebDriverfactory.WebDriverFactory - Browser get maximized
2023-Dec-01 16:05:54 PM [main] INFO  com.qa.automation.core.WebDriverfactory.WebDriverFactory - navigate to the url
2023-Dec-01 16:05:54 PM [main] INFO  com.qa.automation.stepdefs.StepDefs - user verify the home page title
2023-Dec-01 16:06:00 PM [main] INFO  com.qa.automation.stepdefs.StepDefs - user click on product button
2023-Dec-01 16:06:00 PM [main] INFO  com.qa.automation.stepdefs.StepDefs - user verify the product page title
2023-Dec-01 16:06:02 PM [main] INFO  com.qa.automation.stepdefs.StepDefs - user click on cart button
2023-Dec-01 16:06:02 PM [main] INFO  com.qa.automation.stepdefs.StepDefs - user verify the cart page title
2023-Dec-01 16:06:03 PM [main] INFO  com.qa.automation.stepdefs.StepDefs - user click on signup/login button
2023-Dec-01 16:06:03 PM [main] INFO  com.qa.automation.stepdefs.StepDefs - user verify the signup page title
2023-Dec-01 16:06:04 PM [main] INFO  com.qa.automation.stepdefs.StepDefs - user click on test cases button
2023-Dec-01 16:06:04 PM [main] INFO  com.qa.automation.stepdefs.StepDefs - user verify the test cases page title
2023-Dec-01 16:06:06 PM [main] INFO  com.qa.automation.stepdefs.StepDefs - user click on API testing button
2023-Dec-01 16:06:06 PM [main] INFO  com.qa.automation.stepdefs.StepDefs - user verifyAPIS LIST FOR PRACTICEtext is available
2023-Dec-01 16:06:07 PM [main] INFO  com.qa.automation.stepdefs.StepDefs - user click on contact us button
2023-Dec-01 16:06:07 PM [main] INFO  com.qa.automation.stepdefs.StepDefs - user verify contact us page title
2023-Dec-01 16:06:08 PM [main] INFO  com.qa.automation.core.WebDriverfactory.WebDriverFactory - Browser got closed
2023-Dec-01 16:06:08 PM [main] INFO  com.qa.automation.core.WebDriverfactory.WebDriverFactory - Setting up for browser path is completed
2023-Dec-01 16:06:08 PM [main] INFO  com.qa.automation.core.WebDriverfactory.WebDriverFactory - Setting up chrome binary completed
2023-Dec-01 16:06:11 PM [main] INFO  com.qa.automation.core.WebDriverfactory.WebDriverFactory - Chrome Browser invoked
2023-Dec-01 16:06:11 PM [main] INFO  com.qa.automation.core.WebDriverfactory.WebDriverFactory - Browser get maximized
2023-Dec-01 16:06:17 PM [main] INFO  com.qa.automation.core.WebDriverfactory.WebDriverFactory - navigate to the url
2023-Dec-01 16:06:17 PM [main] INFO  com.qa.automation.stepdefs.StepDefs - user verify the home page title
2023-Dec-01 16:06:17 PM [main] INFO  com.qa.automation.stepdefs.StepDefs - user scroll down the page
2023-Dec-01 16:06:17 PM [main] INFO  com.qa.automation.stepdefs.StepDefs - user verify the SUBSCRIPTION text
2023-Dec-01 16:06:18 PM [main] INFO  com.qa.automation.stepdefs.StepDefs - user enter email for subscription
2023-Dec-01 16:06:18 PM [main] INFO  com.qa.automation.stepdefs.StepDefs - user click on arrow button
2023-Dec-01 16:06:18 PM [main] INFO  com.qa.automation.stepdefs.StepDefs - user verify the subscription success msg
2023-Dec-01 16:06:19 PM [main] INFO  com.qa.automation.core.WebDriverfactory.WebDriverFactory - Browser got closed
2023-Dec-01 16:06:19 PM [main] INFO  com.qa.automation.core.WebDriverfactory.WebDriverFactory - Setting up for browser path is completed
2023-Dec-01 16:06:19 PM [main] INFO  com.qa.automation.core.WebDriverfactory.WebDriverFactory - Setting up chrome binary completed
2023-Dec-01 16:06:21 PM [main] INFO  com.qa.automation.core.WebDriverfactory.WebDriverFactory - Chrome Browser invoked
2023-Dec-01 16:06:21 PM [main] INFO  com.qa.automation.core.WebDriverfactory.WebDriverFactory - Browser get maximized
2023-Dec-01 16:06:26 PM [main] INFO  com.qa.automation.core.WebDriverfactory.WebDriverFactory - navigate to the url
2023-Dec-01 16:06:26 PM [main] INFO  com.qa.automation.stepdefs.StepDefs - user verify the home page title
2023-Dec-01 16:06:30 PM [main] INFO  com.qa.automation.stepdefs.StepDefs - user click on signup/Login button
2023-Dec-01 16:06:30 PM [main] INFO  com.qa.automation.stepdefs.StepDefs - user verify signupLogin page title
2023-Dec-01 16:06:30 PM [main] INFO  com.qa.automation.stepdefs.StepDefs - user able to visible Login to your acc txt
2023-Dec-01 16:06:31 PM [main] INFO  com.qa.automation.stepdefs.StepDefs - user put invalid password
2023-Dec-01 16:06:32 PM [main] INFO  com.qa.automation.stepdefs.StepDefs - user click on login button
2023-Dec-01 16:06:32 PM [main] INFO  com.qa.automation.stepdefs.StepDefs - user able to visible error message
2023-Dec-01 16:06:33 PM [main] INFO  com.qa.automation.core.WebDriverfactory.WebDriverFactory - Browser got closed
2023-Dec-01 16:06:33 PM [main] INFO  com.qa.automation.core.WebDriverfactory.WebDriverFactory - Setting up for browser path is completed
2023-Dec-01 16:06:33 PM [main] INFO  com.qa.automation.core.WebDriverfactory.WebDriverFactory - Setting up chrome binary completed
2023-Dec-01 16:06:35 PM [main] INFO  com.qa.automation.core.WebDriverfactory.WebDriverFactory - Chrome Browser invoked
2023-Dec-01 16:06:35 PM [main] INFO  com.qa.automation.core.WebDriverfactory.WebDriverFactory - Browser get maximized
2023-Dec-01 16:06:41 PM [main] INFO  com.qa.automation.core.WebDriverfactory.WebDriverFactory - navigate to the url
2023-Dec-01 16:06:41 PM [main] INFO  com.qa.automation.stepdefs.StepDefs - user verify the home page title
2023-Dec-01 16:06:43 PM [main] INFO  com.qa.automation.stepdefs.StepDefs - user click on signup/Login button
2023-Dec-01 16:06:43 PM [main] INFO  com.qa.automation.stepdefs.StepDefs - user verify signupLogin page title
2023-Dec-01 16:06:44 PM [main] INFO  com.qa.automation.stepdefs.StepDefs - user able to visible Login to your acc txt
2023-Dec-01 16:06:44 PM [main] INFO  com.qa.automation.stepdefs.StepDefs - user put invalid password
2023-Dec-01 16:06:45 PM [main] INFO  com.qa.automation.stepdefs.StepDefs - user click on login button
2023-Dec-01 16:06:45 PM [main] INFO  com.qa.automation.stepdefs.StepDefs - user able to visible error message
2023-Dec-01 16:06:46 PM [main] INFO  com.qa.automation.core.WebDriverfactory.WebDriverFactory - Browser got closed
2023-Dec-01 16:06:46 PM [main] INFO  com.qa.automation.core.WebDriverfactory.WebDriverFactory - Setting up for browser path is completed
2023-Dec-01 16:06:46 PM [main] INFO  com.qa.automation.core.WebDriverfactory.WebDriverFactory - Setting up chrome binary completed
2023-Dec-01 16:06:49 PM [main] INFO  com.qa.automation.core.WebDriverfactory.WebDriverFactory - Chrome Browser invoked
2023-Dec-01 16:06:49 PM [main] INFO  com.qa.automation.core.WebDriverfactory.WebDriverFactory - Browser get maximized
2023-Dec-01 16:06:52 PM [main] INFO  com.qa.automation.core.WebDriverfactory.WebDriverFactory - navigate to the url
2023-Dec-01 16:06:52 PM [main] INFO  com.qa.automation.stepdefs.StepDefs - user verify the home page title
2023-Dec-01 16:06:54 PM [main] INFO  com.qa.automation.stepdefs.StepDefs - user click on signup/Login button
2023-Dec-01 16:06:54 PM [main] INFO  com.qa.automation.stepdefs.StepDefs - user verify signupLogin page title
2023-Dec-01 16:06:55 PM [main] INFO  com.qa.automation.stepdefs.StepDefs - user able to visible Login to your acc txt
2023-Dec-01 16:06:55 PM [main] INFO  com.qa.automation.stepdefs.StepDefs - user put invalid password
2023-Dec-01 16:06:56 PM [main] INFO  com.qa.automation.stepdefs.StepDefs - user click on login button
2023-Dec-01 16:06:56 PM [main] INFO  com.qa.automation.stepdefs.StepDefs - user able to visible error message
2023-Dec-01 16:06:57 PM [main] INFO  com.qa.automation.core.WebDriverfactory.WebDriverFactory - Browser got closed
