2023-Dec-01 16:02:37 PM [main] INFO  com.qa.automation.core.WebDriverfactory.WebDriverFactory - Setting up for browser path is completed
2023-Dec-01 16:02:37 PM [main] INFO  com.qa.automation.core.WebDriverfactory.WebDriverFactory - Setting up chrome binary completed
2023-Dec-01 16:02:46 PM [main] INFO  com.qa.automation.core.WebDriverfactory.WebDriverFactory - Chrome Browser invoked
2023-Dec-01 16:02:46 PM [main] INFO  com.qa.automation.core.WebDriverfactory.WebDriverFactory - Browser get maximized
2023-Dec-01 16:02:51 PM [main] INFO  com.qa.automation.core.WebDriverfactory.WebDriverFactory - navigate to the url
2023-Dec-01 16:02:51 PM [main] INFO  com.qa.automation.stepdefs.StepDefs - user verify the home page title
2023-Dec-01 16:02:53 PM [main] INFO  com.qa.automation.stepdefs.StepDefs - user click on signup/Login button
2023-Dec-01 16:02:54 PM [main] INFO  com.qa.automation.stepdefs.StepDefs - user verify signupLogin page title
2023-Dec-01 16:02:54 PM [main] INFO  com.qa.automation.stepdefs.StepDefs - user able to visible Login to your acc txt
2023-Dec-01 16:02:55 PM [main] INFO  com.qa.automation.stepdefs.StepDefs - user put invalid password
2023-Dec-01 16:02:56 PM [main] INFO  com.qa.automation.stepdefs.StepDefs - user click on login button
2023-Dec-01 16:02:56 PM [main] INFO  com.qa.automation.stepdefs.StepDefs - user able to visible error message
2023-Dec-01 16:02:57 PM [main] INFO  com.qa.automation.core.WebDriverfactory.WebDriverFactory - Browser got closed
2023-Dec-01 16:02:57 PM [main] INFO  com.qa.automation.core.WebDriverfactory.WebDriverFactory - Setting up for browser path is completed
2023-Dec-01 16:02:57 PM [main] INFO  com.qa.automation.core.WebDriverfactory.WebDriverFactory - Setting up chrome binary completed
2023-Dec-01 16:03:00 PM [main] INFO  com.qa.automation.core.WebDriverfactory.WebDriverFactory - Chrome Browser invoked
2023-Dec-01 16:03:00 PM [main] INFO  com.qa.automation.core.WebDriverfactory.WebDriverFactory - Browser get maximized
2023-Dec-01 16:03:13 PM [main] INFO  com.qa.automation.core.WebDriverfactory.WebDriverFactory - navigate to the url
2023-Dec-01 16:03:13 PM [main] INFO  com.qa.automation.stepdefs.StepDefs - user verify the home page title
2023-Dec-01 16:03:15 PM [main] INFO  com.qa.automation.stepdefs.StepDefs - user click on signup/Login button
2023-Dec-01 16:03:15 PM [main] INFO  com.qa.automation.stepdefs.StepDefs - user verify signupLogin page title
2023-Dec-01 16:03:15 PM [main] INFO  com.qa.automation.stepdefs.StepDefs - user able to visible Login to your acc txt
2023-Dec-01 16:03:15 PM [main] INFO  com.qa.automation.stepdefs.StepDefs - user put invalid password
2023-Dec-01 16:03:16 PM [main] INFO  com.qa.automation.stepdefs.StepDefs - user click on login button
2023-Dec-01 16:03:16 PM [main] INFO  com.qa.automation.stepdefs.StepDefs - user able to visible error message
2023-Dec-01 16:03:17 PM [main] INFO  com.qa.automation.core.WebDriverfactory.WebDriverFactory - Browser got closed
2023-Dec-01 16:03:17 PM [main] INFO  com.qa.automation.core.WebDriverfactory.WebDriverFactory - Setting up for browser path is completed
2023-Dec-01 16:03:17 PM [main] INFO  com.qa.automation.core.WebDriverfactory.WebDriverFactory - Setting up chrome binary completed
2023-Dec-01 16:03:19 PM [main] INFO  com.qa.automation.core.WebDriverfactory.WebDriverFactory - Chrome Browser invoked
2023-Dec-01 16:03:19 PM [main] INFO  com.qa.automation.core.WebDriverfactory.WebDriverFactory - Browser get maximized
2023-Dec-01 16:03:24 PM [main] INFO  com.qa.automation.core.WebDriverfactory.WebDriverFactory - navigate to the url
2023-Dec-01 16:03:24 PM [main] INFO  com.qa.automation.stepdefs.StepDefs - user verify the home page title
2023-Dec-01 16:03:29 PM [main] INFO  com.qa.automation.stepdefs.StepDefs - user click on signup/Login button
2023-Dec-01 16:03:29 PM [main] INFO  com.qa.automation.stepdefs.StepDefs - user verify signupLogin page title
2023-Dec-01 16:03:31 PM [main] INFO  com.qa.automation.stepdefs.StepDefs - user able to visible Login to your acc txt
2023-Dec-01 16:03:32 PM [main] INFO  com.qa.automation.stepdefs.StepDefs - user put invalid password
2023-Dec-01 16:03:34 PM [main] INFO  com.qa.automation.stepdefs.StepDefs - user click on login button
2023-Dec-01 16:03:35 PM [main] INFO  com.qa.automation.stepdefs.StepDefs - user able to visible error message
2023-Dec-01 16:03:36 PM [main] INFO  com.qa.automation.core.WebDriverfactory.WebDriverFactory - Browser got closed
