2023-Dec-01 17:14:39 PM [main] INFO  com.qa.automation.core.WebDriverfactory.WebDriverFactory - Setting up for browser path is completed
2023-Dec-01 17:14:39 PM [main] INFO  com.qa.automation.core.WebDriverfactory.WebDriverFactory - Setting up chrome binary completed
2023-Dec-01 17:14:47 PM [main] INFO  com.qa.automation.core.WebDriverfactory.WebDriverFactory - Chrome Browser invoked
2023-Dec-01 17:14:47 PM [main] INFO  com.qa.automation.core.WebDriverfactory.WebDriverFactory - Browser get maximized
2023-Dec-01 17:14:52 PM [main] INFO  com.qa.automation.core.WebDriverfactory.WebDriverFactory - navigate to the url
2023-Dec-01 17:14:52 PM [main] INFO  com.qa.automation.stepdefs.StepDefs - user verify the home page title
2023-Dec-01 17:14:58 PM [main] INFO  com.qa.automation.stepdefs.StepDefs - user able to click on signup/login btn
2023-Dec-01 17:14:58 PM [main] INFO  com.qa.automation.stepdefs.StepDefs - user verify the signup/login page title
2023-Dec-01 17:14:58 PM [main] INFO  com.qa.automation.stepdefs.StepDefs - user able to visible login acc text
2023-Dec-01 17:14:59 PM [main] INFO  com.qa.automation.stepdefs.StepDefs - user enter the valid emailID
2023-Dec-01 17:14:59 PM [main] INFO  com.qa.automation.stepdefs.StepDefs - user enter the valid Password
2023-Dec-01 17:15:03 PM [main] INFO  com.qa.automation.stepdefs.StepDefs - user click on login button
2023-Dec-01 17:15:04 PM [main] INFO  com.qa.automation.core.WebDriverfactory.WebDriverFactory - Browser got closed
2023-Dec-01 17:15:05 PM [main] INFO  com.qa.automation.core.WebDriverfactory.WebDriverFactory - Setting up for browser path is completed
2023-Dec-01 17:15:05 PM [main] INFO  com.qa.automation.core.WebDriverfactory.WebDriverFactory - Setting up chrome binary completed
2023-Dec-01 17:15:07 PM [main] INFO  com.qa.automation.core.WebDriverfactory.WebDriverFactory - Chrome Browser invoked
2023-Dec-01 17:15:08 PM [main] INFO  com.qa.automation.core.WebDriverfactory.WebDriverFactory - Browser get maximized
2023-Dec-01 17:15:21 PM [main] INFO  com.qa.automation.core.WebDriverfactory.WebDriverFactory - navigate to the url
2023-Dec-01 17:15:21 PM [main] INFO  com.qa.automation.stepdefs.StepDefs - user verify the home page title
2023-Dec-01 17:15:23 PM [main] INFO  com.qa.automation.stepdefs.StepDefs - user able to click on signup/login btn
2023-Dec-01 17:15:23 PM [main] INFO  com.qa.automation.stepdefs.StepDefs - user verify the signup/login page title
2023-Dec-01 17:15:23 PM [main] INFO  com.qa.automation.stepdefs.StepDefs - user able to visible login acc text
2023-Dec-01 17:15:23 PM [main] INFO  com.qa.automation.stepdefs.StepDefs - user enter the valid emailID
2023-Dec-01 17:15:23 PM [main] INFO  com.qa.automation.stepdefs.StepDefs - user enter the valid Password
2023-Dec-01 17:15:27 PM [main] INFO  com.qa.automation.stepdefs.StepDefs - user click on login button
2023-Dec-01 17:15:28 PM [main] INFO  com.qa.automation.core.WebDriverfactory.WebDriverFactory - Browser got closed
