2023-Dec-01 18:07:06 PM [main] INFO  com.qa.automation.core.WebDriverfactory.WebDriverFactory - Setting up for browser path is completed
2023-Dec-01 18:07:06 PM [main] INFO  com.qa.automation.core.WebDriverfactory.WebDriverFactory - Setting up chrome binary completed
2023-Dec-01 18:07:13 PM [main] INFO  com.qa.automation.core.WebDriverfactory.WebDriverFactory - Chrome Browser invoked
2023-Dec-01 18:07:13 PM [main] INFO  com.qa.automation.core.WebDriverfactory.WebDriverFactory - Browser get maximized
2023-Dec-01 18:08:15 PM [main] INFO  com.qa.automation.core.WebDriverfactory.WebDriverFactory - navigate to the url
2023-Dec-01 18:08:15 PM [main] INFO  com.qa.automation.stepdefs.StepDefs - user verify the home page title
2023-Dec-01 18:08:21 PM [main] INFO  com.qa.automation.stepdefs.StepDefs - user able to click on signup/login btn
2023-Dec-01 18:08:21 PM [main] INFO  com.qa.automation.stepdefs.StepDefs - user verify the signup/login page title
2023-Dec-01 18:08:21 PM [main] INFO  com.qa.automation.stepdefs.StepDefs - user able to visible login acc text
2023-Dec-01 18:08:22 PM [main] INFO  com.qa.automation.stepdefs.StepDefs - user enter the valid emailID
2023-Dec-01 18:08:22 PM [main] INFO  com.qa.automation.stepdefs.StepDefs - user enter the valid Password
2023-Dec-01 18:08:58 PM [main] INFO  com.qa.automation.stepdefs.StepDefs - user click on login button
2023-Dec-01 18:09:01 PM [main] INFO  com.qa.automation.core.WebDriverfactory.WebDriverFactory - Browser got closed
2023-Dec-01 18:09:01 PM [main] INFO  com.qa.automation.core.WebDriverfactory.WebDriverFactory - Setting up for browser path is completed
2023-Dec-01 18:09:01 PM [main] INFO  com.qa.automation.core.WebDriverfactory.WebDriverFactory - Setting up chrome binary completed
2023-Dec-01 18:09:04 PM [main] INFO  com.qa.automation.core.WebDriverfactory.WebDriverFactory - Chrome Browser invoked
2023-Dec-01 18:09:04 PM [main] INFO  com.qa.automation.core.WebDriverfactory.WebDriverFactory - Browser get maximized
2023-Dec-01 18:09:08 PM [main] INFO  com.qa.automation.core.WebDriverfactory.WebDriverFactory - navigate to the url
2023-Dec-01 18:09:08 PM [main] INFO  com.qa.automation.stepdefs.StepDefs - user verify the home page title
2023-Dec-01 18:09:09 PM [main] INFO  com.qa.automation.stepdefs.StepDefs - user able to click on signup/login btn
2023-Dec-01 18:09:09 PM [main] INFO  com.qa.automation.stepdefs.StepDefs - user verify the signup/login page title
2023-Dec-01 18:09:10 PM [main] INFO  com.qa.automation.stepdefs.StepDefs - user able to visible login acc text
2023-Dec-01 18:09:10 PM [main] INFO  com.qa.automation.stepdefs.StepDefs - user enter the valid emailID
2023-Dec-01 18:09:10 PM [main] INFO  com.qa.automation.stepdefs.StepDefs - user enter the valid Password
2023-Dec-01 18:09:14 PM [main] INFO  com.qa.automation.stepdefs.StepDefs - user click on login button
2023-Dec-01 18:09:16 PM [main] INFO  com.qa.automation.core.WebDriverfactory.WebDriverFactory - Browser got closed
