2023-Dec-01 17:48:13 PM [main] INFO  com.qa.automation.core.WebDriverfactory.WebDriverFactory - Setting up for browser path is completed
2023-Dec-01 17:48:13 PM [main] INFO  com.qa.automation.core.WebDriverfactory.WebDriverFactory - Setting up chrome binary completed
2023-Dec-01 17:48:17 PM [main] INFO  com.qa.automation.core.WebDriverfactory.WebDriverFactory - Chrome Browser invoked
2023-Dec-01 17:48:17 PM [main] INFO  com.qa.automation.core.WebDriverfactory.WebDriverFactory - Browser get maximized
2023-Dec-01 17:48:36 PM [main] INFO  com.qa.automation.core.WebDriverfactory.WebDriverFactory - navigate to the url
2023-Dec-01 17:48:36 PM [main] INFO  com.qa.automation.stepdefs.StepDefs - user verify the home page title
2023-Dec-01 17:48:39 PM [main] INFO  com.qa.automation.stepdefs.StepDefs - user able to click on signup/login btn
2023-Dec-01 17:48:39 PM [main] INFO  com.qa.automation.stepdefs.StepDefs - user verify the signup/login page title
2023-Dec-01 17:48:40 PM [main] INFO  com.qa.automation.stepdefs.StepDefs - user able to visible login acc text
2023-Dec-01 17:48:40 PM [main] INFO  com.qa.automation.stepdefs.StepDefs - user enter the valid emailID
2023-Dec-01 17:48:40 PM [main] INFO  com.qa.automation.stepdefs.StepDefs - user enter the valid Password
2023-Dec-01 17:48:41 PM [main] INFO  com.qa.automation.core.WebDriverfactory.WebDriverFactory - Browser got closed
2023-Dec-01 17:48:41 PM [main] INFO  com.qa.automation.core.WebDriverfactory.WebDriverFactory - Setting up for browser path is completed
2023-Dec-01 17:48:41 PM [main] INFO  com.qa.automation.core.WebDriverfactory.WebDriverFactory - Setting up chrome binary completed
2023-Dec-01 17:48:43 PM [main] INFO  com.qa.automation.core.WebDriverfactory.WebDriverFactory - Chrome Browser invoked
2023-Dec-01 17:48:43 PM [main] INFO  com.qa.automation.core.WebDriverfactory.WebDriverFactory - Browser get maximized
2023-Dec-01 17:49:08 PM [main] INFO  com.qa.automation.core.WebDriverfactory.WebDriverFactory - navigate to the url
2023-Dec-01 17:49:08 PM [main] INFO  com.qa.automation.stepdefs.StepDefs - user verify the home page title
2023-Dec-01 17:49:10 PM [main] INFO  com.qa.automation.stepdefs.StepDefs - user able to click on signup/login btn
2023-Dec-01 17:49:10 PM [main] INFO  com.qa.automation.stepdefs.StepDefs - user verify the signup/login page title
2023-Dec-01 17:49:10 PM [main] INFO  com.qa.automation.stepdefs.StepDefs - user able to visible login acc text
2023-Dec-01 17:49:10 PM [main] INFO  com.qa.automation.stepdefs.StepDefs - user enter the valid emailID
2023-Dec-01 17:49:10 PM [main] INFO  com.qa.automation.stepdefs.StepDefs - user enter the valid Password
2023-Dec-01 17:49:11 PM [main] INFO  com.qa.automation.core.WebDriverfactory.WebDriverFactory - Browser got closed
